<?xml version="1.0" encoding="UTF-8"?>
<!-- Generated by org.testng.reporters.JUnitReportReporter -->
<testsuite hostname="DESKTOP-MDNCSLO" failures="0" tests="1" name="test.VtigerLoginFunction" time="15.301" errors="0" timestamp="2022-12-30T11:06:01 IST" skipped="0">
  <testcase classname="test.VtigerLoginFunction" name="testFunctionality" time="15.301"/>
  <system-out/>
</testsuite> <!-- test.VtigerLoginFunction -->
