<?xml version="1.0" encoding="UTF-8"?>
<!-- Generated by org.testng.reporters.JUnitReportReporter -->
<testsuite hostname="DESKTOP-MDNCSLO" failures="0" tests="1" name="Test.CreateProductTestCase002" time="26.122" errors="0" timestamp="2023-01-02T10:33:33 IST" skipped="0">
  <testcase classname="Test.CreateProductTestCase002" name="testcase002" time="26.122"/>
  <system-out/>
</testsuite> <!-- Test.CreateProductTestCase002 -->
