<?xml version="1.0" encoding="UTF-8"?>
<!-- Generated by org.testng.reporters.JUnitReportReporter -->
<testsuite hostname="DESKTOP-MDNCSLO" failures="0" tests="1" name="Test.TC_RNB_LOGIN_001" time="16.865" errors="0" timestamp="2022-12-11T18:24:47 IST" skipped="0">
  <testcase classname="Test.TC_RNB_LOGIN_001" name="verfyLogineFuctionality" time="16.865"/>
  <system-out/>
</testsuite> <!-- Test.TC_RNB_LOGIN_001 -->
