<?xml version="1.0" encoding="UTF-8"?>
<!-- Generated by org.testng.reporters.JUnitReportReporter -->
<testsuite hostname="DESKTOP-MDNCSLO" failures="0" tests="1" name="Test.trial" time="0.012" errors="0" timestamp="2022-12-11T18:49:26 IST" skipped="0">
  <testcase classname="Test.trial" name="test" time="0.012"/>
  <system-out/>
</testsuite> <!-- Test.trial -->
